02-Nov-2025 13:31:48.050 INFO [main] org.apache.catalina.core.ApplicationContext.log ContextListener: contextInitialized()
02-Nov-2025 13:31:48.053 INFO [main] org.apache.catalina.core.ApplicationContext.log SessionListener: contextInitialized()
02-Nov-2025 13:31:48.054 INFO [main] org.apache.catalina.core.ApplicationContext.log ContextListener: attributeAdded('StockTicker', 'async.Stockticker@235f4c10')
02-Nov-2025 13:31:48.144 INFO [main] org.apache.catalina.core.ApplicationContext.log SessionListener: contextDestroyed()
02-Nov-2025 13:31:48.144 INFO [main] org.apache.catalina.core.ApplicationContext.log ContextListener: contextDestroyed()
02-Nov-2025 15:08:20.248 INFO [main] org.apache.catalina.core.ApplicationContext.log ContextListener: contextInitialized()
02-Nov-2025 15:08:20.248 INFO [main] org.apache.catalina.core.ApplicationContext.log SessionListener: contextInitialized()
02-Nov-2025 15:08:20.250 INFO [main] org.apache.catalina.core.ApplicationContext.log ContextListener: attributeAdded('StockTicker', 'async.Stockticker@2a65bb85')
02-Nov-2025 15:13:22.576 INFO [main] org.apache.catalina.core.ApplicationContext.log SessionListener: contextDestroyed()
02-Nov-2025 15:13:22.576 INFO [main] org.apache.catalina.core.ApplicationContext.log ContextListener: contextDestroyed()
02-Nov-2025 15:13:26.597 INFO [main] org.apache.catalina.core.ApplicationContext.log ContextListener: contextInitialized()
02-Nov-2025 15:13:26.597 INFO [main] org.apache.catalina.core.ApplicationContext.log SessionListener: contextInitialized()
02-Nov-2025 15:13:26.598 INFO [main] org.apache.catalina.core.ApplicationContext.log ContextListener: attributeAdded('StockTicker', 'async.Stockticker@716a7124')
02-Nov-2025 15:23:06.262 INFO [main] org.apache.catalina.core.ApplicationContext.log ContextListener: contextInitialized()
02-Nov-2025 15:23:06.262 INFO [main] org.apache.catalina.core.ApplicationContext.log SessionListener: contextInitialized()
02-Nov-2025 15:23:06.263 INFO [main] org.apache.catalina.core.ApplicationContext.log ContextListener: attributeAdded('StockTicker', 'async.Stockticker@62e70ea3')
02-Nov-2025 15:23:06.388 INFO [main] org.apache.catalina.core.ApplicationContext.log SessionListener: contextDestroyed()
02-Nov-2025 15:23:06.388 INFO [main] org.apache.catalina.core.ApplicationContext.log ContextListener: contextDestroyed()
02-Nov-2025 15:35:20.807 INFO [main] org.apache.catalina.core.ApplicationContext.log SessionListener: contextDestroyed()
02-Nov-2025 15:35:20.807 INFO [main] org.apache.catalina.core.ApplicationContext.log ContextListener: contextDestroyed()
02-Nov-2025 15:35:31.774 INFO [main] org.apache.catalina.core.ApplicationContext.log ContextListener: contextInitialized()
02-Nov-2025 15:35:31.775 INFO [main] org.apache.catalina.core.ApplicationContext.log SessionListener: contextInitialized()
02-Nov-2025 15:35:31.776 INFO [main] org.apache.catalina.core.ApplicationContext.log ContextListener: attributeAdded('StockTicker', 'async.Stockticker@4fad94a7')
02-Nov-2025 15:43:08.682 INFO [main] org.apache.catalina.core.ApplicationContext.log SessionListener: contextDestroyed()
02-Nov-2025 15:43:08.682 INFO [main] org.apache.catalina.core.ApplicationContext.log ContextListener: contextDestroyed()
02-Nov-2025 15:43:10.545 INFO [main] org.apache.catalina.core.ApplicationContext.log ContextListener: contextInitialized()
02-Nov-2025 15:43:10.547 INFO [main] org.apache.catalina.core.ApplicationContext.log SessionListener: contextInitialized()
02-Nov-2025 15:43:10.548 INFO [main] org.apache.catalina.core.ApplicationContext.log ContextListener: attributeAdded('StockTicker', 'async.Stockticker@6ffab045')
02-Nov-2025 15:50:41.376 INFO [main] org.apache.catalina.core.ApplicationContext.log SessionListener: contextDestroyed()
02-Nov-2025 15:50:41.376 INFO [main] org.apache.catalina.core.ApplicationContext.log ContextListener: contextDestroyed()
02-Nov-2025 15:58:01.262 INFO [main] org.apache.catalina.core.ApplicationContext.log ContextListener: contextInitialized()
02-Nov-2025 15:58:01.264 INFO [main] org.apache.catalina.core.ApplicationContext.log SessionListener: contextInitialized()
02-Nov-2025 15:58:01.266 INFO [main] org.apache.catalina.core.ApplicationContext.log ContextListener: attributeAdded('StockTicker', 'async.Stockticker@4f936da8')
02-Nov-2025 16:20:59.330 INFO [main] org.apache.catalina.core.ApplicationContext.log SessionListener: contextDestroyed()
02-Nov-2025 16:20:59.330 INFO [main] org.apache.catalina.core.ApplicationContext.log ContextListener: contextDestroyed()
02-Nov-2025 16:21:01.714 INFO [main] org.apache.catalina.core.ApplicationContext.log ContextListener: contextInitialized()
02-Nov-2025 16:21:01.714 INFO [main] org.apache.catalina.core.ApplicationContext.log SessionListener: contextInitialized()
02-Nov-2025 16:21:01.715 INFO [main] org.apache.catalina.core.ApplicationContext.log ContextListener: attributeAdded('StockTicker', 'async.Stockticker@4215838f')
02-Nov-2025 17:03:14.623 INFO [main] org.apache.catalina.core.ApplicationContext.log SessionListener: contextDestroyed()
02-Nov-2025 17:03:14.623 INFO [main] org.apache.catalina.core.ApplicationContext.log ContextListener: contextDestroyed()
02-Nov-2025 17:03:16.654 INFO [main] org.apache.catalina.core.ApplicationContext.log ContextListener: contextInitialized()
02-Nov-2025 17:03:16.656 INFO [main] org.apache.catalina.core.ApplicationContext.log SessionListener: contextInitialized()
02-Nov-2025 17:03:16.657 INFO [main] org.apache.catalina.core.ApplicationContext.log ContextListener: attributeAdded('StockTicker', 'async.Stockticker@2a65bb85')
02-Nov-2025 17:11:21.623 INFO [main] org.apache.catalina.core.ApplicationContext.log ContextListener: contextInitialized()
02-Nov-2025 17:11:21.624 INFO [main] org.apache.catalina.core.ApplicationContext.log SessionListener: contextInitialized()
02-Nov-2025 17:11:21.625 INFO [main] org.apache.catalina.core.ApplicationContext.log ContextListener: attributeAdded('StockTicker', 'async.Stockticker@44c79f32')
02-Nov-2025 17:11:22.057 INFO [main] org.apache.catalina.core.ApplicationContext.log SessionListener: contextDestroyed()
02-Nov-2025 17:11:22.058 INFO [main] org.apache.catalina.core.ApplicationContext.log ContextListener: contextDestroyed()
02-Nov-2025 17:28:53.362 INFO [main] org.apache.catalina.core.ApplicationContext.log SessionListener: contextDestroyed()
02-Nov-2025 17:28:53.362 INFO [main] org.apache.catalina.core.ApplicationContext.log ContextListener: contextDestroyed()
02-Nov-2025 17:28:55.246 INFO [main] org.apache.catalina.core.ApplicationContext.log ContextListener: contextInitialized()
02-Nov-2025 17:28:55.247 INFO [main] org.apache.catalina.core.ApplicationContext.log SessionListener: contextInitialized()
02-Nov-2025 17:28:55.250 INFO [main] org.apache.catalina.core.ApplicationContext.log ContextListener: attributeAdded('StockTicker', 'async.Stockticker@4b85880b')
02-Nov-2025 17:33:45.454 INFO [main] org.apache.catalina.core.ApplicationContext.log SessionListener: contextDestroyed()
02-Nov-2025 17:33:45.454 INFO [main] org.apache.catalina.core.ApplicationContext.log ContextListener: contextDestroyed()
02-Nov-2025 17:33:47.435 INFO [main] org.apache.catalina.core.ApplicationContext.log ContextListener: contextInitialized()
02-Nov-2025 17:33:47.437 INFO [main] org.apache.catalina.core.ApplicationContext.log SessionListener: contextInitialized()
02-Nov-2025 17:33:47.438 INFO [main] org.apache.catalina.core.ApplicationContext.log ContextListener: attributeAdded('StockTicker', 'async.Stockticker@475835b1')
02-Nov-2025 17:41:06.399 INFO [main] org.apache.catalina.core.ApplicationContext.log SessionListener: contextDestroyed()
02-Nov-2025 17:41:06.399 INFO [main] org.apache.catalina.core.ApplicationContext.log ContextListener: contextDestroyed()
02-Nov-2025 17:41:08.626 INFO [main] org.apache.catalina.core.ApplicationContext.log ContextListener: contextInitialized()
02-Nov-2025 17:41:08.629 INFO [main] org.apache.catalina.core.ApplicationContext.log SessionListener: contextInitialized()
02-Nov-2025 17:41:08.631 INFO [main] org.apache.catalina.core.ApplicationContext.log ContextListener: attributeAdded('StockTicker', 'async.Stockticker@4f936da8')
